FAILED TEST LOG
  ✘ Your script should echo the correct text

AssertionError [ERR_ASSERTION]: The expression evaluated to a falsy value:

assert(/^\s*echo[ \t]+hello[ \t]+questionnaire[ \t]*;?\s*$/gm.test(scriptFile))

at Context.<anonymous> (test/30.test.js:8:5)
FAILED TEST LOG
  ✘ Your script should echo the correct text

AssertionError [ERR_ASSERTION]: The expression evaluated to a falsy value:

assert(/^\s*echo[ \t]+hello[ \t]+questionnaire[ \t]*;?\s*$/gm.test(scriptFile))

at Context.<anonymous> (test/30.test.js:8:5)
FAILED TEST LOG
  ✘ Your script should echo the correct text

AssertionError [ERR_ASSERTION]: The expression evaluated to a falsy value:

assert(/^\s*echo[ \t]+hello[ \t]+questionnaire[ \t]*;?\s*$/gm.test(scriptFile))

at Context.<anonymous> (test/30.test.js:8:5)
FAILED TEST LOG
  ✘ Your script should echo the correct text

AssertionError [ERR_ASSERTION]: The expression evaluated to a falsy value:

assert(/^\s*echo[ \t]+hello[ \t]+questionnaire[ \t]*;?\s*$/gm.test(scriptFile))

at Context.<anonymous> (test/30.test.js:8:5)
FAILED TEST LOG
  ✘ Your script should have the correct "shebang"

AssertionError [ERR_ASSERTION]: The expression evaluated to a falsy value:

assert(/^\s*#![ \t]*\/bin\/bash\s*$/gm.test(scriptFile))

at Context.<anonymous> (test/60.test.js:8:5)
FAILED TEST LOG
  ✘ Your script should have the correct "shebang"

AssertionError [ERR_ASSERTION]: The expression evaluated to a falsy value:

assert(/^\s*#![ \t]*\/bin\/bash\s*$/gm.test(scriptFile))

at Context.<anonymous> (test/60.test.js:8:5)
FAILED TEST LOG
  ✘ Your script should have the correct "shebang"

AssertionError [ERR_ASSERTION]: The expression evaluated to a falsy value:

assert(/^\s*#![ \t]*\/bin\/bash\s*$/gm.test(scriptFile))

at Context.<anonymous> (test/60.test.js:8:5)
FAILED TEST LOG
  ✘ You should "list" the folder contents with the correct flag

AssertionError [ERR_ASSERTION]: The expression evaluated to a falsy value:

assert(lastCommand[0] === 'ls' && lastCommand[1] === '-l' && /\/project$/.test(cwd))

at Context.<anonymous> (test/80.test.js:9:5)
FAILED TEST LOG
  ✘ You should "list" the folder contents with the correct flag

AssertionError [ERR_ASSERTION]: The expression evaluated to a falsy value:

assert(lastCommand[0] === 'ls' && lastCommand[1] === '-l' && /\/project$/.test(cwd))

at Context.<anonymous> (test/80.test.js:9:5)
FAILED TEST LOG
  ✘ Your script should only have a "shebang"

AssertionError [ERR_ASSERTION]: The expression evaluated to a falsy value:

assert(/^\s*#![ \t]*\/bin\/bash\s*$/gm.test(scriptFile) && /^#!\/bin\/bash$/gm.test(noWhitespace))

at Context.<anonymous> (test/160.test.js:9:5)
FAILED TEST LOG
  ✘ Your script should only have a "shebang"

AssertionError [ERR_ASSERTION]: The expression evaluated to a falsy value:

assert(/^\s*#![ \t]*\/bin\/bash\s*$/gm.test(scriptFile) && /^#!\/bin\/bash$/gm.test(noWhitespace))

at Context.<anonymous> (test/160.test.js:9:5)
FAILED TEST LOG
  ✘ Your script should only have a "shebang"

AssertionError [ERR_ASSERTION]: The expression evaluated to a falsy value:

assert(/^\s*#![ \t]*\/bin\/bash\s*$/gm.test(scriptFile) && /^#!\/bin\/bash$/gm.test(noWhitespace))

at Context.<anonymous> (test/160.test.js:9:5)
FAILED TEST LOG
  ✘ Your script should only have a "shebang"

AssertionError [ERR_ASSERTION]: The expression evaluated to a falsy value:

assert(/^\s*#![ \t]*\/bin\/bash\s*$/gm.test(scriptFile) && /^#!\/bin\/bash$/gm.test(noWhitespace))

at Context.<anonymous> (test/160.test.js:9:5)
FAILED TEST LOG
  ✘ Your script should "echo" the suggested variable correctly

AssertionError [ERR_ASSERTION]: The expression evaluated to a falsy value:

assert(/^What's your name\?$/gm.test(output))

at Context.<anonymous> (test/170.test.js:8:5)
at process.processTicksAndRejections (node:internal/process/task_queues:95:5)
FAILED TEST LOG
  ✘ Your script should "echo" the suggested variable correctly

AssertionError [ERR_ASSERTION]: The expression evaluated to a falsy value:

assert(/^What's your name\?$/gm.test(output))

at Context.<anonymous> (test/170.test.js:8:5)
at process.processTicksAndRejections (node:internal/process/task_queues:95:5)
FAILED TEST LOG

./.freeCodeCamp/test.sh: line 2: unexpected EOF while looking for matching `"'
./.freeCodeCamp/test.sh: line 4: syntax error: unexpected end of file
  ✘ Your script should "echo" the suggested variable correctly

Error: Command failed: ./.freeCodeCamp/test.sh
./.freeCodeCamp/test.sh: line 2: unexpected EOF while looking for matching `"'
./.freeCodeCamp/test.sh: line 4: syntax error: unexpected end of file

at ChildProcess.exithandler (node:child_process:422:12)
at ChildProcess.emit (node:events:517:28)
at maybeClose (node:internal/child_process:1098:16)
at Socket.<anonymous> (node:internal/child_process:450:11)
at Socket.emit (node:events:517:28)
at Pipe.<anonymous> (node:net:350:12)
FAILED TEST LOG
  ✘ Your script should "echo" the suggested variable correctly

AssertionError [ERR_ASSERTION]: The expression evaluated to a falsy value:

assert(/^What's your name\?$/gm.test(output))

at Context.<anonymous> (test/170.test.js:8:5)
FAILED TEST LOG
  ✘ Your script should "echo" the suggested variable correctly

AssertionError [ERR_ASSERTION]: The expression evaluated to a falsy value:

assert(/^\s*echo[ \t]+('|")?\$QUESTION1\1?[ \t]*;?\s*$/gm.test(scriptFile) && /^What's your name\?$/gm.test(output))

at Context.<anonymous> (test/180.test.js:9:5)
at process.processTicksAndRejections (node:internal/process/task_queues:95:5)
FAILED TEST LOG
  ✘ Your script should "echo" the suggested variable correctly

AssertionError [ERR_ASSERTION]: The expression evaluated to a falsy value:

assert(/^\s*echo[ \t]+('|")?\$QUESTION1\1?[ \t]*;?\s*$/gm.test(scriptFile) && /^What's your name\?$/gm.test(output))

at Context.<anonymous> (test/180.test.js:9:5)
FAILED TEST LOG
  ✘ Your script should "echo" the suggested variable correctly

Error: Command failed: ./questionnaire.sh
./questionnaire.sh: line 3: echo$: command not found

at ChildProcess.exithandler (node:child_process:422:12)
at ChildProcess.emit (node:events:517:28)
at maybeClose (node:internal/child_process:1098:16)
at Socket.<anonymous> (node:internal/child_process:450:11)
at Socket.emit (node:events:517:28)
at Pipe.<anonymous> (node:net:350:12)
FAILED TEST LOG
  ✘ Your script should "echo" the suggested variable correctly

AssertionError [ERR_ASSERTION]: The expression evaluated to a falsy value:

assert(/^\s*echo[ \t]+('|")?\$QUESTION1\1?[ \t]*;?\s*$/gm.test(scriptFile) && /^What's your name\?$/gm.test(output))

at Context.<anonymous> (test/180.test.js:9:5)
FAILED TEST LOG
  ✘ Your script should "echo" the suggested variable correctly

AssertionError [ERR_ASSERTION]: The expression evaluated to a falsy value:

assert(/^\s*echo[ \t]+('|")?\$QUESTION1\1?[ \t]*;?\s*$/gm.test(scriptFile) && /^What's your name\?$/gm.test(output))

at Context.<anonymous> (test/180.test.js:9:5)
FAILED TEST LOG
  ✘ Your script should "echo" the suggested variable correctly

AssertionError [ERR_ASSERTION]: The expression evaluated to a falsy value:

assert(/^\s*echo[ \t]+('|")?\$QUESTION1\1?[ \t]*;?\s*$/gm.test(scriptFile) && /^What's your name\?$/gm.test(output))

at Context.<anonymous> (test/180.test.js:9:5)
FAILED TEST LOG
  ✘ Your script should "echo" the suggested variable correctly

AssertionError [ERR_ASSERTION]: The expression evaluated to a falsy value:

assert(/^\s*echo[ \t]+('|")?\$QUESTION1\1?[ \t]*;?\s*$/gm.test(scriptFile) && /^What's your name\?$/gm.test(output))

at Context.<anonymous> (test/180.test.js:9:5)
FAILED TEST LOG
  ✘ Your script should use "read" to get input into the correct variable

AssertionError [ERR_ASSERTION]: The expression evaluated to a falsy value:

assert(/^\s*read[ \t]+NAME[ \t]*;?\s*$/gm.test(scriptFile) && /^me$/gm.test(output))

at Context.<anonymous> (test/200.test.js:9:5)
FAILED TEST LOG
  ✘ Your script should use "read" to get input into the correct variable

Error: write EPIPE
at afterWriteDispatched (node:internal/stream_base_commons:160:15)
at writeGeneric (node:internal/stream_base_commons:151:3)
at Socket._writeGeneric (node:net:962:11)
at Socket._write (node:net:974:8)
at writeOrBuffer (node:internal/streams/writable:392:12)
at _write (node:internal/streams/writable:333:10)
at Writable.write (node:internal/streams/writable:337:10)
at Socket.<anonymous> (test/utils.js:116:19)
at Socket.emit (node:events:529:35)
at addChunk (node:internal/streams/readable:368:12)
at readableAddChunk (node:internal/streams/readable:337:11)
at Readable.push (node:internal/streams/readable:278:10)
at Pipe.onStreamRead (node:internal/stream_base_commons:190:23)
  ✘ Your script should use "read" to get input into the correct variable

Error: done() called multiple times in test <Your script should use "read" to get input into the correct variable> of file /workspace/project/.freeCodeCamp/test/200.test.js; in addition, done() received error: AssertionError [ERR_ASSERTION]: The expression evaluated to a falsy value:

assert(/^\s*read[ \t]+NAME[ \t]*;?\s*$/gm.test(scriptFile) && /^me$/gm.test(output))

FAILED TEST LOG
  ✘ Your script should use "read" to get input into the correct variable

AssertionError [ERR_ASSERTION]: The expression evaluated to a falsy value:

assert(/^\s*read[ \t]+NAME[ \t]*;?\s*$/gm.test(scriptFile) && /^me$/gm.test(output))

at Context.<anonymous> (test/200.test.js:9:5)
at process.processTicksAndRejections (node:internal/process/task_queues:95:5)
FAILED TEST LOG
  ✘ Your script should use "read" to get input into the correct variable

AssertionError [ERR_ASSERTION]: The expression evaluated to a falsy value:

assert(/^\s*read[ \t]+NAME[ \t]*;?\s*$/gm.test(scriptFile) && /^me$/gm.test(output))

at Context.<anonymous> (test/200.test.js:9:5)
at process.processTicksAndRejections (node:internal/process/task_queues:95:5)
FAILED TEST LOG
  ✘ Your script should "echo" the suggested text correctly

AssertionError [ERR_ASSERTION]: The expression evaluated to a falsy value:

assert(/^\s*echo[ \t]+('|"|)Hello[ \t]+\$NAME\.\1[ \t]*;?\s*$/gm.test(scriptFile) && /^Hello me\.$/gm.test(output))

at Context.<anonymous> (test/210.test.js:9:5)
at process.processTicksAndRejections (node:internal/process/task_queues:95:5)
FAILED TEST LOG
  ✘ Your script should "echo" the suggested text correctly

AssertionError [ERR_ASSERTION]: The expression evaluated to a falsy value:

assert(/^\s*echo[ \t]+('|"|)Hello[ \t]+\$NAME\.\1[ \t]*;?\s*$/gm.test(scriptFile) && /^Hello me\.$/gm.test(output))

at Context.<anonymous> (test/210.test.js:9:5)
at process.processTicksAndRejections (node:internal/process/task_queues:95:5)
FAILED TEST LOG
  ✘ Your script should "echo" the suggested text correctly

AssertionError [ERR_ASSERTION]: The expression evaluated to a falsy value:

assert(/^\s*echo[ \t]+('|"|)Hello[ \t]+\$NAME\.\1[ \t]*;?\s*$/gm.test(scriptFile) && /^Hello me\.$/gm.test(output))

at Context.<anonymous> (test/210.test.js:9:5)
at process.processTicksAndRejections (node:internal/process/task_queues:95:5)
FAILED TEST LOG
  ✘ Your script should "echo" the suggested text correctly

AssertionError [ERR_ASSERTION]: The expression evaluated to a falsy value:

assert(/^\s*echo[ \t]+('|"|)Hello[ \t]+\$NAME\.\1[ \t]*;?\s*$/gm.test(scriptFile) && /^Hello me\.$/gm.test(output))

at Context.<anonymous> (test/210.test.js:9:5)
at process.processTicksAndRejections (node:internal/process/task_queues:95:5)
FAILED TEST LOG
  ✘ Your script should "echo" the suggested text correctly

AssertionError [ERR_ASSERTION]: The expression evaluated to a falsy value:

assert(/^\s*echo[ \t]+('|"|)Hello[ \t]+\$NAME\.\1[ \t]*;?\s*$/gm.test(scriptFile) && /^Hello me\.$/gm.test(output))

at Context.<anonymous> (test/210.test.js:9:5)
at process.processTicksAndRejections (node:internal/process/task_queues:95:5)
FAILED TEST LOG
  ✘ Your script should "echo" the suggested text correctly

AssertionError [ERR_ASSERTION]: The expression evaluated to a falsy value:

assert(/^\s*echo[ \t]+('|"|)Hello[ \t]+\$NAME\.\1[ \t]*;?\s*$/gm.test(scriptFile) && /^Hello me\.$/gm.test(output))

at Context.<anonymous> (test/210.test.js:9:5)
at process.processTicksAndRejections (node:internal/process/task_queues:95:5)
FAILED TEST LOG
  ✘ Your script should "echo" the suggested text correctly

AssertionError [ERR_ASSERTION]: The expression evaluated to a falsy value:

assert(/^\s*echo[ \t]+('|"|)Hello[ \t]+\$NAME\.\1[ \t]*;?\s*$/gm.test(scriptFile) && /^Hello me\.$/gm.test(output))

at Context.<anonymous> (test/210.test.js:9:5)
at process.processTicksAndRejections (node:internal/process/task_queues:95:5)
FAILED TEST LOG
  ✘ Your script should "echo" the suggested text correctly

AssertionError [ERR_ASSERTION]: The expression evaluated to a falsy value:

assert(/^\s*echo[ \t]+('|"|)Hello[ \t]+\$NAME\.\1[ \t]*;?\s*$/gm.test(scriptFile) && /^Hello me\.$/gm.test(output))

at Context.<anonymous> (test/210.test.js:9:5)
at process.processTicksAndRejections (node:internal/process/task_queues:95:5)
FAILED TEST LOG
  ✘ Your script should "echo" the suggested text correctly

AssertionError [ERR_ASSERTION]: The expression evaluated to a falsy value:

assert(/^\s*echo[ \t]+('|"|)Hello[ \t]+\$NAME\.\1[ \t]*;?\s*$/gm.test(scriptFile) && /^Hello me\.$/gm.test(output))

at Context.<anonymous> (test/210.test.js:9:5)
at process.processTicksAndRejections (node:internal/process/task_queues:95:5)
FAILED TEST LOG
  ✘ Your script should "echo" the suggested text correctly

AssertionError [ERR_ASSERTION]: The expression evaluated to a falsy value:

assert(/^\s*echo[ \t]+('|"|)Hello[ \t]+\$NAME\.\1[ \t]*;?\s*$/gm.test(scriptFile) && /^Hello me\.$/gm.test(output))

at Context.<anonymous> (test/210.test.js:9:5)
at process.processTicksAndRejections (node:internal/process/task_queues:95:5)
FAILED TEST LOG
  ✘ Your script should "echo" the suggested text correctly

AssertionError [ERR_ASSERTION]: The expression evaluated to a falsy value:

assert(/^\s*echo[ \t]+('|"|)Hello[ \t]+\$NAME\.\1[ \t]*;?\s*$/gm.test(scriptFile) && /^Hello me\.$/gm.test(output))

at Context.<anonymous> (test/210.test.js:9:5)
at process.processTicksAndRejections (node:internal/process/task_queues:95:5)
FAILED TEST LOG
  ✘ Your script should "echo" the suggested text correctly

AssertionError [ERR_ASSERTION]: The expression evaluated to a falsy value:

assert(/^\s*echo[ \t]+('|"|)Hello[ \t]+\$NAME\.\1[ \t]*;?\s*$/gm.test(scriptFile) && /^Hello me\.$/gm.test(output))

at Context.<anonymous> (test/210.test.js:9:5)
at process.processTicksAndRejections (node:internal/process/task_queues:95:5)
FAILED TEST LOG
  ✘ Your script should "echo" the suggested text correctly

AssertionError [ERR_ASSERTION]: The expression evaluated to a falsy value:

assert(/^\s*echo[ \t]+('|"|)Hello[ \t]+\$NAME\.\1[ \t]*;?\s*$/gm.test(scriptFile) && /^Hello me\.$/gm.test(output))

at Context.<anonymous> (test/210.test.js:9:5)
at process.processTicksAndRejections (node:internal/process/task_queues:95:5)
FAILED TEST LOG
  ✘ Your script should have the suggested variable added correctly

AssertionError [ERR_ASSERTION]: The expression evaluated to a falsy value:

assert(/^Where are you from\?$/gm.test(output))

at Context.<anonymous> (test/230.test.js:8:5)
at process.processTicksAndRejections (node:internal/process/task_queues:95:5)
FAILED TEST LOG
  ✘ Your script should have the suggested variable added correctly

AssertionError [ERR_ASSERTION]: The expression evaluated to a falsy value:

assert(/^Where are you from\?$/gm.test(output))

at Context.<anonymous> (test/230.test.js:8:5)
at process.processTicksAndRejections (node:internal/process/task_queues:95:5)
FAILED TEST LOG
  ✘ Your script should have the suggested variable added correctly

AssertionError [ERR_ASSERTION]: The expression evaluated to a falsy value:

assert(/^Where are you from\?$/gm.test(output))

at Context.<anonymous> (test/230.test.js:8:5)
at process.processTicksAndRejections (node:internal/process/task_queues:95:5)
FAILED TEST LOG
  ✘ Your script should have the suggested variable added correctly

AssertionError [ERR_ASSERTION]: The expression evaluated to a falsy value:

assert(/^Where are you from\?$/gm.test(output))

at Context.<anonymous> (test/230.test.js:8:5)
at process.processTicksAndRejections (node:internal/process/task_queues:95:5)
FAILED TEST LOG
  ✘ Your script should have the suggested variable added correctly

AssertionError [ERR_ASSERTION]: The expression evaluated to a falsy value:

assert(/^Where are you from\?$/gm.test(output))

at Context.<anonymous> (test/230.test.js:8:5)
at process.processTicksAndRejections (node:internal/process/task_queues:95:5)
FAILED TEST LOG

./.freeCodeCamp/test.sh: line 6: unexpected EOF while looking for matching `"'
./.freeCodeCamp/test.sh: line 8: syntax error: unexpected end of file
  ✘ Your script should have the suggested variable added correctly

Error: Command failed: ./.freeCodeCamp/test.sh
./.freeCodeCamp/test.sh: line 6: unexpected EOF while looking for matching `"'
./.freeCodeCamp/test.sh: line 8: syntax error: unexpected end of file

at ChildProcess.exithandler (node:child_process:422:12)
at ChildProcess.emit (node:events:517:28)
at maybeClose (node:internal/child_process:1098:16)
at ChildProcess._handle.onexit (node:internal/child_process:303:5)
FAILED TEST LOG

./.freeCodeCamp/test.sh: line 6: unexpected EOF while looking for matching `"'
./.freeCodeCamp/test.sh: line 8: syntax error: unexpected end of file
  ✘ Your script should have the suggested variable added correctly

Error: Command failed: ./.freeCodeCamp/test.sh
./.freeCodeCamp/test.sh: line 6: unexpected EOF while looking for matching `"'
./.freeCodeCamp/test.sh: line 8: syntax error: unexpected end of file

at ChildProcess.exithandler (node:child_process:422:12)
at ChildProcess.emit (node:events:517:28)
at maybeClose (node:internal/child_process:1098:16)
at ChildProcess._handle.onexit (node:internal/child_process:303:5)
FAILED TEST LOG

./.freeCodeCamp/test.sh: line 6: unexpected EOF while looking for matching `"'
./.freeCodeCamp/test.sh: line 8: syntax error: unexpected end of file
  ✘ Your script should have the suggested variable added correctly

Error: Command failed: ./.freeCodeCamp/test.sh
./.freeCodeCamp/test.sh: line 6: unexpected EOF while looking for matching `"'
./.freeCodeCamp/test.sh: line 8: syntax error: unexpected end of file

at ChildProcess.exithandler (node:child_process:422:12)
at ChildProcess.emit (node:events:517:28)
at maybeClose (node:internal/child_process:1098:16)
at ChildProcess._handle.onexit (node:internal/child_process:303:5)
FAILED TEST LOG
  ✘ Your script should have the suggested variable added correctly

AssertionError [ERR_ASSERTION]: The expression evaluated to a falsy value:

assert(/^Where are you from\?$/gm.test(output))

at Context.<anonymous> (test/230.test.js:8:5)
at process.processTicksAndRejections (node:internal/process/task_queues:95:5)
FAILED TEST LOG
  ✘ Your script should have the suggested variable added correctly

AssertionError [ERR_ASSERTION]: The expression evaluated to a falsy value:

assert(/^Where are you from\?$/gm.test(output))

at Context.<anonymous> (test/230.test.js:8:5)
at process.processTicksAndRejections (node:internal/process/task_queues:95:5)
FAILED TEST LOG
  ✘ Your script should have the suggested variable added correctly

AssertionError [ERR_ASSERTION]: The expression evaluated to a falsy value:

assert(/^Where are you from\?$/gm.test(output))

at Context.<anonymous> (test/230.test.js:8:5)
at process.processTicksAndRejections (node:internal/process/task_queues:95:5)
FAILED TEST LOG
  ✘ Your script should have the suggested variable added correctly

AssertionError [ERR_ASSERTION]: The expression evaluated to a falsy value:

assert(/^Where are you from\?$/gm.test(output))

at Context.<anonymous> (test/230.test.js:8:5)
at process.processTicksAndRejections (node:internal/process/task_queues:95:5)
FAILED TEST LOG
  ✘ Your script should have the suggested variable added correctly

AssertionError [ERR_ASSERTION]: The expression evaluated to a falsy value:

assert(/^Where are you from\?$/gm.test(output))

at Context.<anonymous> (test/230.test.js:8:5)
at process.processTicksAndRejections (node:internal/process/task_queues:95:5)
FAILED TEST LOG
  ✘ Your script should have the suggested variable added correctly

AssertionError [ERR_ASSERTION]: The expression evaluated to a falsy value:

assert(/^Where are you from\?$/gm.test(output))

at Context.<anonymous> (test/230.test.js:8:5)
at process.processTicksAndRejections (node:internal/process/task_queues:95:5)
FAILED TEST LOG
  ✘ Your script should have the suggested variable added correctly

AssertionError [ERR_ASSERTION]: The expression evaluated to a falsy value:

assert(/^Where are you from\?$/gm.test(output))

at Context.<anonymous> (test/230.test.js:8:5)
at process.processTicksAndRejections (node:internal/process/task_queues:95:5)
FAILED TEST LOG
  ✘ Your script should have the suggested variable added correctly

AssertionError [ERR_ASSERTION]: The expression evaluated to a falsy value:

assert(/^Where are you from\?$/gm.test(output))

at Context.<anonymous> (test/230.test.js:8:5)
at process.processTicksAndRejections (node:internal/process/task_queues:95:5)
FAILED TEST LOG
  ✘ Your script should have the suggested variable added correctly

AssertionError [ERR_ASSERTION]: The expression evaluated to a falsy value:

assert(/^Where are you from\?$/gm.test(output))

at Context.<anonymous> (test/230.test.js:8:5)
at process.processTicksAndRejections (node:internal/process/task_queues:95:5)
FAILED TEST LOG
  ✘ Your script should have the suggested variable added correctly

AssertionError [ERR_ASSERTION]: The expression evaluated to a falsy value:

assert(/^Where are you from\?$/gm.test(output))

at Context.<anonymous> (test/230.test.js:8:5)
at process.processTicksAndRejections (node:internal/process/task_queues:95:5)
FAILED TEST LOG
  ✘ Your script should "echo" the suggested variable correctly

Error: Command failed: ./questionnaire.sh
./questionnaire.sh: line 7: ech: command not found

at ChildProcess.exithandler (node:child_process:422:12)
at ChildProcess.emit (node:events:517:28)
at maybeClose (node:internal/child_process:1098:16)
at ChildProcess._handle.onexit (node:internal/child_process:303:5)
FAILED TEST LOG
  ✘ Your script should "echo" the suggested variable correctly

AssertionError [ERR_ASSERTION]: The expression evaluated to a falsy value:

assert(/^\s*echo[ \t]+('|")?\$QUESTION2\1?[ \t]*;?\s*$/gm.test(scriptFile) && /^Where are you from\?$/gm.test(output))

at Context.<anonymous> (test/240.test.js:9:5)
at process.processTicksAndRejections (node:internal/process/task_queues:95:5)
FAILED TEST LOG
  ✘ Your script should "echo" the suggested variable correctly

AssertionError [ERR_ASSERTION]: The expression evaluated to a falsy value:

assert(/^\s*echo[ \t]+('|")?\$QUESTION2\1?[ \t]*;?\s*$/gm.test(scriptFile) && /^Where are you from\?$/gm.test(output))

at Context.<anonymous> (test/240.test.js:9:5)
at process.processTicksAndRejections (node:internal/process/task_queues:95:5)
FAILED TEST LOG
  ✘ Your script should use "read" to get input into the correct variable

AssertionError [ERR_ASSERTION]: The expression evaluated to a falsy value:

assert(/^\s*read[ \t]+LOCATION[ \t]*;?\s*$/gm.test(scriptFile) && /^here$/gm.test(output))

at Context.<anonymous> (test/250.test.js:9:5)
at process.processTicksAndRejections (node:internal/process/task_queues:95:5)
FAILED TEST LOG
  ✘ Your script should "echo" the suggested text correctly

AssertionError [ERR_ASSERTION]: The expression evaluated to a falsy value:

assert(/^\s*echo[ \t]+('|"|)Hello[ \t]+\$NAME from \$LOCATION\.\1[ \t]*;?\s*$/gm.test(scriptFile) && /^Hello me from here\.$/gm.test(output))

at Context.<anonymous> (test/260.test.js:9:5)
at process.processTicksAndRejections (node:internal/process/task_queues:95:5)
FAILED TEST LOG
  ✘ Your script should "echo" the suggested text correctly

AssertionError [ERR_ASSERTION]: The expression evaluated to a falsy value:

assert(/^\s*echo[ \t]+('|"|)Hello[ \t]+\$NAME from \$LOCATION\.\1[ \t]*;?\s*$/gm.test(scriptFile) && /^Hello me from here\.$/gm.test(output))

at Context.<anonymous> (test/260.test.js:9:5)
at process.processTicksAndRejections (node:internal/process/task_queues:95:5)
FAILED TEST LOG
  ✘ Your script should "echo" the suggested text correctly

AssertionError [ERR_ASSERTION]: The expression evaluated to a falsy value:

assert(/^\s*echo[ \t]+('|"|)Hello[ \t]+\$NAME from \$LOCATION\.\1[ \t]*;?\s*$/gm.test(scriptFile) && /^Hello me from here\.$/gm.test(output))

at Context.<anonymous> (test/260.test.js:9:5)
at process.processTicksAndRejections (node:internal/process/task_queues:95:5)
FAILED TEST LOG
  ✘ Your script should "echo" the suggested text correctly

AssertionError [ERR_ASSERTION]: The expression evaluated to a falsy value:

assert(/^\s*echo[ \t]+('|"|)Hello[ \t]+\$NAME from \$LOCATION\.\1[ \t]*;?\s*$/gm.test(scriptFile) && /^Hello me from here\.$/gm.test(output))

at Context.<anonymous> (test/260.test.js:9:5)
at process.processTicksAndRejections (node:internal/process/task_queues:95:5)
FAILED TEST LOG
  ✘ Your script should "echo" the suggested text correctly

AssertionError [ERR_ASSERTION]: The expression evaluated to a falsy value:

assert(/^\s*echo[ \t]+('|"|)Hello[ \t]+\$NAME from \$LOCATION\.\1[ \t]*;?\s*$/gm.test(scriptFile) && /^Hello me from here\.$/gm.test(output))

at Context.<anonymous> (test/260.test.js:9:5)
at process.processTicksAndRejections (node:internal/process/task_queues:95:5)
FAILED TEST LOG
  ✘ Your script should "echo" the suggested text correctly

AssertionError [ERR_ASSERTION]: The expression evaluated to a falsy value:

assert(/^\s*echo[ \t]+('|"|)Hello[ \t]+\$NAME from \$LOCATION\.\1[ \t]*;?\s*$/gm.test(scriptFile) && /^Hello me from here\.$/gm.test(output))

at Context.<anonymous> (test/260.test.js:9:5)
at process.processTicksAndRejections (node:internal/process/task_queues:95:5)
FAILED TEST LOG
  ✘ Your script should "echo" the suggested text correctly

AssertionError [ERR_ASSERTION]: The expression evaluated to a falsy value:

assert(/^\s*echo[ \t]+('|"|)Hello[ \t]+\$NAME from \$LOCATION\.\1[ \t]*;?\s*$/gm.test(scriptFile) && /^Hello me from here\.$/gm.test(output))

at Context.<anonymous> (test/260.test.js:9:5)
at process.processTicksAndRejections (node:internal/process/task_queues:95:5)
FAILED TEST LOG
  ✘ Your script should "echo" the suggested text correctly

AssertionError [ERR_ASSERTION]: The expression evaluated to a falsy value:

assert(/^~~ Questionnaire ~~$/gm.test(output))

at Context.<anonymous> (test/280.test.js:8:5)
at process.processTicksAndRejections (node:internal/process/task_queues:95:5)
FAILED TEST LOG
  ✘ Your script should "echo" the suggested text correctly

AssertionError [ERR_ASSERTION]: The expression evaluated to a falsy value:

assert(/^~~ Questionnaire ~~$/gm.test(output))

at Context.<anonymous> (test/280.test.js:8:5)
at process.processTicksAndRejections (node:internal/process/task_queues:95:5)
FAILED TEST LOG
  ✘ Your script should "echo" the suggested text correctly

AssertionError [ERR_ASSERTION]: The expression evaluated to a falsy value:

assert(/^~~ Questionnaire ~~$/gm.test(output))

at Context.<anonymous> (test/280.test.js:8:5)
at process.processTicksAndRejections (node:internal/process/task_queues:95:5)
FAILED TEST LOG
  ✘ You should enter the suggested command in the terminal

AssertionError [ERR_ASSERTION]: The expression evaluated to a falsy value:

assert(lastCommand[0] === 'echo' && lastCommand[1] === '--help')

at Context.<anonymous> (test/300.test.js:8:5)
FAILED TEST LOG
  ✘ Your script should "echo" the suggested text correctly

AssertionError [ERR_ASSERTION]: The expression evaluated to a falsy value:

assert(/^n~~ Questionnaire ~~n$/gm.test(output))

at Context.<anonymous> (test/320.test.js:8:5)
at process.processTicksAndRejections (node:internal/process/task_queues:95:5)
FAILED TEST LOG
  ✘ Your script should "echo" the suggested text correctly

AssertionError [ERR_ASSERTION]: The expression evaluated to a falsy value:

assert(/^n~~ Questionnaire ~~n$/gm.test(output))

at Context.<anonymous> (test/320.test.js:8:5)
at process.processTicksAndRejections (node:internal/process/task_queues:95:5)
FAILED TEST LOG

./questionnaire.sh: line 10: unexpected EOF while looking for matching `"'
./questionnaire.sh: line 11: syntax error: unexpected end of file
  ✘ Your script should "echo" the suggested text correctly

Error: Command failed: ./questionnaire.sh
./questionnaire.sh: line 10: unexpected EOF while looking for matching `"'
./questionnaire.sh: line 11: syntax error: unexpected end of file

at ChildProcess.exithandler (node:child_process:422:12)
at ChildProcess.emit (node:events:517:28)
at maybeClose (node:internal/child_process:1098:16)
at ChildProcess._handle.onexit (node:internal/child_process:303:5)
FAILED TEST LOG
  ✘ Your script should "echo" the suggested text correctly

AssertionError [ERR_ASSERTION]: The expression evaluated to a falsy value:

assert(/^\n~~ Questionnaire ~~\n{2}/g.test(output))

at Context.<anonymous> (test/326.test.js:8:5)
at process.processTicksAndRejections (node:internal/process/task_queues:95:5)
FAILED TEST LOG

./questionnaire.sh: line 10: unexpected EOF while looking for matching `"'
./questionnaire.sh: line 11: syntax error: unexpected end of file
  ✘ Your script should "echo" the suggested text correctly

Error: Command failed: ./questionnaire.sh
./questionnaire.sh: line 10: unexpected EOF while looking for matching `"'
./questionnaire.sh: line 11: syntax error: unexpected end of file

at ChildProcess.exithandler (node:child_process:422:12)
at ChildProcess.emit (node:events:517:28)
at maybeClose (node:internal/child_process:1098:16)
at ChildProcess._handle.onexit (node:internal/child_process:303:5)
FAILED TEST LOG
  ✘ Your script should "echo" the suggested text correctly

AssertionError [ERR_ASSERTION]: The expression evaluated to a falsy value:

assert(/^\n~~ Questionnaire ~~\n{2}/g.test(output))

at Context.<anonymous> (test/326.test.js:8:5)
at process.processTicksAndRejections (node:internal/process/task_queues:95:5)
FAILED TEST LOG

./questionnaire.sh: line 10: unexpected EOF while looking for matching `"'
./questionnaire.sh: line 11: syntax error: unexpected end of file
  ✘ Your script should "echo" the suggested text correctly

Error: Command failed: ./questionnaire.sh
./questionnaire.sh: line 10: unexpected EOF while looking for matching `"'
./questionnaire.sh: line 11: syntax error: unexpected end of file

at ChildProcess.exithandler (node:child_process:422:12)
at ChildProcess.emit (node:events:517:28)
at maybeClose (node:internal/child_process:1098:16)
at ChildProcess._handle.onexit (node:internal/child_process:303:5)
FAILED TEST LOG
  ✘ Your script should "echo" the suggested text correctly

AssertionError [ERR_ASSERTION]: The expression evaluated to a falsy value:

assert(/^\n~~ Questionnaire ~~\n{2}/g.test(output))

at Context.<anonymous> (test/326.test.js:8:5)
at process.processTicksAndRejections (node:internal/process/task_queues:95:5)
FAILED TEST LOG

./questionnaire.sh: line 10: unexpected EOF while looking for matching `"'
./questionnaire.sh: line 11: syntax error: unexpected end of file
  ✘ Your script should "echo" the suggested text correctly

Error: Command failed: ./questionnaire.sh
./questionnaire.sh: line 10: unexpected EOF while looking for matching `"'
./questionnaire.sh: line 11: syntax error: unexpected end of file

at ChildProcess.exithandler (node:child_process:422:12)
at ChildProcess.emit (node:events:517:28)
at maybeClose (node:internal/child_process:1098:16)
at ChildProcess._handle.onexit (node:internal/child_process:303:5)
FAILED TEST LOG
  ✘ Your script should "echo" the suggested text correctly

AssertionError [ERR_ASSERTION]: The expression evaluated to a falsy value:

assert(/^\n~~ Questionnaire ~~\n{2}/g.test(output))

at Context.<anonymous> (test/326.test.js:8:5)
at process.processTicksAndRejections (node:internal/process/task_queues:95:5)
FAILED TEST LOG

./questionnaire.sh: line 10: unexpected EOF while looking for matching `"'
./questionnaire.sh: line 11: syntax error: unexpected end of file
  ✘ Your script should "echo" the suggested text correctly

Error: Command failed: ./questionnaire.sh
./questionnaire.sh: line 10: unexpected EOF while looking for matching `"'
./questionnaire.sh: line 11: syntax error: unexpected end of file

at ChildProcess.exithandler (node:child_process:422:12)
at ChildProcess.emit (node:events:517:28)
at maybeClose (node:internal/child_process:1098:16)
at ChildProcess._handle.onexit (node:internal/child_process:303:5)
FAILED TEST LOG
  ✘ Your script should "echo" the suggested text correctly

AssertionError [ERR_ASSERTION]: The expression evaluated to a falsy value:

assert(/^\n~~ Questionnaire ~~\n{2}/g.test(output))

at Context.<anonymous> (test/326.test.js:8:5)
at process.processTicksAndRejections (node:internal/process/task_queues:95:5)
FAILED TEST LOG

./questionnaire.sh: line 10: unexpected EOF while looking for matching `"'
./questionnaire.sh: line 11: syntax error: unexpected end of file
  ✘ Your script should "echo" the suggested text correctly

Error: Command failed: ./questionnaire.sh
./questionnaire.sh: line 10: unexpected EOF while looking for matching `"'
./questionnaire.sh: line 11: syntax error: unexpected end of file

at ChildProcess.exithandler (node:child_process:422:12)
at ChildProcess.emit (node:events:517:28)
at maybeClose (node:internal/child_process:1098:16)
at ChildProcess._handle.onexit (node:internal/child_process:303:5)
FAILED TEST LOG
  ✘ Your script should "echo" the suggested text correctly

AssertionError [ERR_ASSERTION]: The expression evaluated to a falsy value:

assert(/^\n~~ Questionnaire ~~\n{2}/g.test(output))

at Context.<anonymous> (test/326.test.js:8:5)
at process.processTicksAndRejections (node:internal/process/task_queues:95:5)
FAILED TEST LOG

./questionnaire.sh: line 10: unexpected EOF while looking for matching `"'
./questionnaire.sh: line 11: syntax error: unexpected end of file
  ✘ Your script should "echo" the suggested text correctly

Error: Command failed: ./questionnaire.sh
./questionnaire.sh: line 10: unexpected EOF while looking for matching `"'
./questionnaire.sh: line 11: syntax error: unexpected end of file

at ChildProcess.exithandler (node:child_process:422:12)
at ChildProcess.emit (node:events:517:28)
at maybeClose (node:internal/child_process:1098:16)
at ChildProcess._handle.onexit (node:internal/child_process:303:5)
FAILED TEST LOG
  ✘ Your script should "echo" the suggested text correctly

AssertionError [ERR_ASSERTION]: The expression evaluated to a falsy value:

assert(/^\n~~ Questionnaire ~~\n{2}/g.test(output))

at Context.<anonymous> (test/326.test.js:8:5)
at process.processTicksAndRejections (node:internal/process/task_queues:95:5)
FAILED TEST LOG
  ✘ Your script should "echo" the suggested text correctly

AssertionError [ERR_ASSERTION]: The expression evaluated to a falsy value:

assert(/^\n~~ Questionnaire ~~\n{2}/g.test(output))

at Context.<anonymous> (test/326.test.js:8:5)
at process.processTicksAndRejections (node:internal/process/task_queues:95:5)
FAILED TEST LOG
  ✘ Your script should "echo" the suggested text correctly

AssertionError [ERR_ASSERTION]: The expression evaluated to a falsy value:

assert(/^\n~~ Questionnaire ~~\n{2}/g.test(output))

at Context.<anonymous> (test/326.test.js:8:5)
at process.processTicksAndRejections (node:internal/process/task_queues:95:5)
FAILED TEST LOG
  ✘ Your script should "echo" the suggested text correctly

AssertionError [ERR_ASSERTION]: The expression evaluated to a falsy value:

assert(/^\n~~ Questionnaire ~~\n{2}/g.test(output))

at Context.<anonymous> (test/326.test.js:8:5)
at process.processTicksAndRejections (node:internal/process/task_queues:95:5)
FAILED TEST LOG
  ✘ Your script should "echo" the suggested text correctly

AssertionError [ERR_ASSERTION]: The expression evaluated to a falsy value:

assert(/^\n~~ Questionnaire ~~\n{2}/g.test(output))

at Context.<anonymous> (test/326.test.js:8:5)
at process.processTicksAndRejections (node:internal/process/task_queues:95:5)
FAILED TEST LOG
  ✘ Your script should "echo" the suggested text correctly

AssertionError [ERR_ASSERTION]: The expression evaluated to a falsy value:

assert(/^\n~~ Questionnaire ~~\n{2}/g.test(output))

at Context.<anonymous> (test/326.test.js:8:5)
at process.processTicksAndRejections (node:internal/process/task_queues:95:5)
FAILED TEST LOG
  ✘ Your script should "echo" the suggested text correctly

AssertionError [ERR_ASSERTION]: The expression evaluated to a falsy value:

assert(/^\n~~ Questionnaire ~~\n{2}/g.test(output))

at Context.<anonymous> (test/326.test.js:8:5)
at process.processTicksAndRejections (node:internal/process/task_queues:95:5)
FAILED TEST LOG
  ✘ Your script should "echo" the suggested text correctly

AssertionError [ERR_ASSERTION]: The expression evaluated to a falsy value:

assert(/^\n~~ Questionnaire ~~\n{2}/g.test(output))

at Context.<anonymous> (test/326.test.js:8:5)
at process.processTicksAndRejections (node:internal/process/task_queues:95:5)
FAILED TEST LOG
  ✘ Your script should "echo" the suggested text correctly

AssertionError [ERR_ASSERTION]: The expression evaluated to a falsy value:

assert(/^\n~~ Questionnaire ~~\n{2}/g.test(output))

at Context.<anonymous> (test/326.test.js:8:5)
at process.processTicksAndRejections (node:internal/process/task_queues:95:5)
FAILED TEST LOG
  ✘ Your script should "echo" the suggested text correctly

Error: Command failed: ./questionnaire.sh
./questionnaire.sh: line 10: e: command not found

at ChildProcess.exithandler (node:child_process:422:12)
at ChildProcess.emit (node:events:517:28)
at maybeClose (node:internal/child_process:1098:16)
at ChildProcess._handle.onexit (node:internal/child_process:303:5)
FAILED TEST LOG
  ✘ Your script should "echo" the suggested text correctly

AssertionError [ERR_ASSERTION]: The expression evaluated to a falsy value:

assert(/^\n~~ Questionnaire ~~\n{2}/g.test(output))

at Context.<anonymous> (test/326.test.js:8:5)
at process.processTicksAndRejections (node:internal/process/task_queues:95:5)
FAILED TEST LOG
  ✘ Your script should "echo" the suggested text correctly

AssertionError [ERR_ASSERTION]: The expression evaluated to a falsy value:

assert(/^\n~~ Questionnaire ~~\n{2}/g.test(output))

at Context.<anonymous> (test/326.test.js:8:5)
at process.processTicksAndRejections (node:internal/process/task_queues:95:5)
FAILED TEST LOG

./questionnaire.sh: line 5: unexpected EOF while looking for matching `''
./questionnaire.sh: line 15: syntax error: unexpected end of file
  ✘ Your script should "echo" the suggested text correctly

Error: Command failed: ./questionnaire.sh
./questionnaire.sh: line 5: unexpected EOF while looking for matching `''
./questionnaire.sh: line 15: syntax error: unexpected end of file

at ChildProcess.exithandler (node:child_process:422:12)
at ChildProcess.emit (node:events:517:28)
at maybeClose (node:internal/child_process:1098:16)
at Socket.<anonymous> (node:internal/child_process:450:11)
at Socket.emit (node:events:517:28)
at Pipe.<anonymous> (node:net:350:12)
FAILED TEST LOG
  ✘ Your script should have the suggested variable added correctly

AssertionError [ERR_ASSERTION]: The expression evaluated to a falsy value:

assert(/^What's your favorite coding website\?$/gm.test(output))

at Context.<anonymous> (test/340.test.js:8:5)
at process.processTicksAndRejections (node:internal/process/task_queues:95:5)
FAILED TEST LOG
  ✘ Your script should have the suggested variable added correctly

AssertionError [ERR_ASSERTION]: The expression evaluated to a falsy value:

assert(/^What's your favorite coding website\?$/gm.test(output))

at Context.<anonymous> (test/340.test.js:8:5)
at process.processTicksAndRejections (node:internal/process/task_queues:95:5)
FAILED TEST LOG
  ✘ Your script should have the suggested variable added correctly

AssertionError [ERR_ASSERTION]: The expression evaluated to a falsy value:

assert(/^What's your favorite coding website\?$/gm.test(output))

at Context.<anonymous> (test/340.test.js:8:5)
at process.processTicksAndRejections (node:internal/process/task_queues:95:5)
FAILED TEST LOG
  ✘ Your script should have the suggested variable added correctly

AssertionError [ERR_ASSERTION]: The expression evaluated to a falsy value:

assert(/^What's your favorite coding website\?$/gm.test(output))

at Context.<anonymous> (test/340.test.js:8:5)
at process.processTicksAndRejections (node:internal/process/task_queues:95:5)
FAILED TEST LOG
  ✘ Your script should have the suggested variable added correctly

AssertionError [ERR_ASSERTION]: The expression evaluated to a falsy value:

assert(/^What's your favorite coding website\?$/gm.test(output))

at Context.<anonymous> (test/340.test.js:8:5)
at process.processTicksAndRejections (node:internal/process/task_queues:95:5)
FAILED TEST LOG
  ✘ Your script should "echo" the suggested variable correctly

AssertionError [ERR_ASSERTION]: The expression evaluated to a falsy value:

assert(/^\s*echo[ \t]+('|")?\$QUESTION3\1?[ \t]*;?\s*$/gm.test(scriptFile) && /^What's your favorite coding website\?$/gm.test(output))

at Context.<anonymous> (test/345.test.js:9:5)
at process.processTicksAndRejections (node:internal/process/task_queues:95:5)
FAILED TEST LOG
  ✘ Your script should "echo" the suggested variable correctly

AssertionError [ERR_ASSERTION]: The expression evaluated to a falsy value:

assert(/^\s*echo[ \t]+('|")?\$QUESTION3\1?[ \t]*;?\s*$/gm.test(scriptFile) && /^What's your favorite coding website\?$/gm.test(output))

at Context.<anonymous> (test/345.test.js:9:5)
at process.processTicksAndRejections (node:internal/process/task_queues:95:5)
FAILED TEST LOG
  ✘ Your script should "echo" the suggested variable correctly

AssertionError [ERR_ASSERTION]: The expression evaluated to a falsy value:

assert(/^\s*echo[ \t]+('|")?\$QUESTION3\1?[ \t]*;?\s*$/gm.test(scriptFile) && /^What's your favorite coding website\?$/gm.test(output))

at Context.<anonymous> (test/345.test.js:9:5)
at process.processTicksAndRejections (node:internal/process/task_queues:95:5)
FAILED TEST LOG
  ✘ Your script should "echo" the suggested variable correctly

AssertionError [ERR_ASSERTION]: The expression evaluated to a falsy value:

assert(/^\s*echo[ \t]+('|")?\$QUESTION3\1?[ \t]*;?\s*$/gm.test(scriptFile) && /^What's your favorite coding website\?$/gm.test(output))

at Context.<anonymous> (test/345.test.js:9:5)
at process.processTicksAndRejections (node:internal/process/task_queues:95:5)
FAILED TEST LOG
  ✘ Your script should use "read" to get input into the correct variable

AssertionError [ERR_ASSERTION]: The expression evaluated to a falsy value:

assert(/^\s*read[ \t]+WEBSITE[ \t]*;?\s*$/gm.test(scriptFile) && /^freeCodeCamp$/gm.test(output))

at Context.<anonymous> (test/350.test.js:9:5)
at process.processTicksAndRejections (node:internal/process/task_queues:95:5)
FAILED TEST LOG
  ✘ Your script should use "read" to get input into the correct variable

AssertionError [ERR_ASSERTION]: The expression evaluated to a falsy value:

assert(/^\s*read[ \t]+WEBSITE[ \t]*;?\s*$/gm.test(scriptFile) && /^freeCodeCamp$/gm.test(output))

at Context.<anonymous> (test/350.test.js:9:5)
at process.processTicksAndRejections (node:internal/process/task_queues:95:5)
FAILED TEST LOG
  ✘ Your script should use "read" to get input into the correct variable

AssertionError [ERR_ASSERTION]: The expression evaluated to a falsy value:

assert(/^\s*read[ \t]+WEBSITE[ \t]*;?\s*$/gm.test(scriptFile) && /^freeCodeCamp$/gm.test(output))

at Context.<anonymous> (test/350.test.js:9:5)
at process.processTicksAndRejections (node:internal/process/task_queues:95:5)
FAILED TEST LOG
  ✘ Your script should use "read" to get input into the correct variable

AssertionError [ERR_ASSERTION]: The expression evaluated to a falsy value:

assert(/^\s*read[ \t]+WEBSITE[ \t]*;?\s*$/gm.test(scriptFile) && /^freeCodeCamp$/gm.test(output))

at Context.<anonymous> (test/350.test.js:9:5)
at process.processTicksAndRejections (node:internal/process/task_queues:95:5)
FAILED TEST LOG
  ✘ Your script should "echo" the suggested text correctly

Error: Command failed: ./questionnaire.sh
./questionnaire.sh: line 18: name: No such file or directory

at ChildProcess.exithandler (node:child_process:422:12)
at ChildProcess.emit (node:events:517:28)
at maybeClose (node:internal/child_process:1098:16)
at ChildProcess._handle.onexit (node:internal/child_process:303:5)
FAILED TEST LOG
  ✘ Your script should "echo" the suggested text correctly

Error: Command failed: ./questionnaire.sh
./questionnaire.sh: line 18: website: No such file or directory

at ChildProcess.exithandler (node:child_process:422:12)
at ChildProcess.emit (node:events:517:28)
at maybeClose (node:internal/child_process:1098:16)
at ChildProcess._handle.onexit (node:internal/child_process:303:5)
FAILED TEST LOG
  ✘ Your script should "echo" the suggested text correctly

AssertionError [ERR_ASSERTION]: The expression evaluated to a falsy value:

assert(/^\s*echo[ \t]+('|"|)Hello[ \t]+\$NAME from \$LOCATION\. I learned that your favorite coding website is \$WEBSITE!\1[ \t]*;?\s*$/gm.test(scriptFile) && /^Hello me from here. I learned that your favorite coding website is freeCodeCamp!$/gm.test(output))

at Context.<anonymous> (test/360.test.js:9:5)
at process.processTicksAndRejections (node:internal/process/task_queues:95:5)
FAILED TEST LOG
  ✘ Your script should "echo" the suggested text correctly

AssertionError [ERR_ASSERTION]: The expression evaluated to a falsy value:

assert(/^\s*echo[ \t]+('|"|)Hello[ \t]+\$NAME from \$LOCATION\. I learned that your favorite coding website is \$WEBSITE!\1[ \t]*;?\s*$/gm.test(scriptFile) && /^Hello me from here. I learned that your favorite coding website is freeCodeCamp!$/gm.test(output))

at Context.<anonymous> (test/360.test.js:9:5)
at process.processTicksAndRejections (node:internal/process/task_queues:95:5)
FAILED TEST LOG

./questionnaire.sh: line 18: unexpected EOF while looking for matching `"'
./questionnaire.sh: line 19: syntax error: unexpected end of file
  ✘ Your script should "echo" the suggested text correctly

Error: Command failed: ./questionnaire.sh
./questionnaire.sh: line 18: unexpected EOF while looking for matching `"'
./questionnaire.sh: line 19: syntax error: unexpected end of file

at ChildProcess.exithandler (node:child_process:422:12)
at ChildProcess.emit (node:events:517:28)
at maybeClose (node:internal/child_process:1098:16)
at ChildProcess._handle.onexit (node:internal/child_process:303:5)
FAILED TEST LOG

./questionnaire.sh: line 18: unexpected EOF while looking for matching `"'
./questionnaire.sh: line 19: syntax error: unexpected end of file
  ✘ Your script should "echo" the suggested text correctly

Error: Command failed: ./questionnaire.sh
./questionnaire.sh: line 18: unexpected EOF while looking for matching `"'
./questionnaire.sh: line 19: syntax error: unexpected end of file

at ChildProcess.exithandler (node:child_process:422:12)
at ChildProcess.emit (node:events:517:28)
at maybeClose (node:internal/child_process:1098:16)
at ChildProcess._handle.onexit (node:internal/child_process:303:5)
FAILED TEST LOG

./questionnaire.sh: line 18: unexpected EOF while looking for matching `"'
./questionnaire.sh: line 19: syntax error: unexpected end of file
  ✘ Your script should "echo" the suggested text correctly

Error: Command failed: ./questionnaire.sh
./questionnaire.sh: line 18: unexpected EOF while looking for matching `"'
./questionnaire.sh: line 19: syntax error: unexpected end of file

at ChildProcess.exithandler (node:child_process:422:12)
at ChildProcess.emit (node:events:517:28)
at maybeClose (node:internal/child_process:1098:16)
at ChildProcess._handle.onexit (node:internal/child_process:303:5)
FAILED TEST LOG
  ✘ Your script should "echo" the suggested text correctly

AssertionError [ERR_ASSERTION]: The expression evaluated to a falsy value:

assert(/\n{2}Hello me from here\. I learned that your favorite coding website is freeCodeCamp!\n$/g.test(output))

at Context.<anonymous> (test/366.test.js:8:5)
at process.processTicksAndRejections (node:internal/process/task_queues:95:5)
FAILED TEST LOG

./questionnaire.sh: line 18: unexpected EOF while looking for matching `"'
./questionnaire.sh: line 19: syntax error: unexpected end of file
  ✘ Your script should "echo" the suggested text correctly

Error: Command failed: ./questionnaire.sh
./questionnaire.sh: line 18: unexpected EOF while looking for matching `"'
./questionnaire.sh: line 19: syntax error: unexpected end of file

at ChildProcess.exithandler (node:child_process:422:12)
at ChildProcess.emit (node:events:517:28)
at maybeClose (node:internal/child_process:1098:16)
at ChildProcess._handle.onexit (node:internal/child_process:303:5)
FAILED TEST LOG

./questionnaire.sh: line 18: unexpected EOF while looking for matching `"'
./questionnaire.sh: line 19: syntax error: unexpected end of file
  ✘ Your script should "echo" the suggested text correctly

Error: Command failed: ./questionnaire.sh
./questionnaire.sh: line 18: unexpected EOF while looking for matching `"'
./questionnaire.sh: line 19: syntax error: unexpected end of file

at ChildProcess.exithandler (node:child_process:422:12)
at ChildProcess.emit (node:events:517:28)
at maybeClose (node:internal/child_process:1098:16)
at ChildProcess._handle.onexit (node:internal/child_process:303:5)
FAILED TEST LOG
  ✘ Your script should "echo" the suggested text correctly

AssertionError [ERR_ASSERTION]: The expression evaluated to a falsy value:

assert(/\n{2}Hello me from here\. I learned that your favorite coding website is freeCodeCamp!\n$/g.test(output))

at Context.<anonymous> (test/366.test.js:8:5)
at process.processTicksAndRejections (node:internal/process/task_queues:95:5)
FAILED TEST LOG

./questionnaire.sh: line 18: unexpected EOF while looking for matching `"'
./questionnaire.sh: line 19: syntax error: unexpected end of file
  ✘ Your script should "echo" the suggested text correctly

Error: Command failed: ./questionnaire.sh
./questionnaire.sh: line 18: unexpected EOF while looking for matching `"'
./questionnaire.sh: line 19: syntax error: unexpected end of file

at ChildProcess.exithandler (node:child_process:422:12)
at ChildProcess.emit (node:events:517:28)
at maybeClose (node:internal/child_process:1098:16)
at ChildProcess._handle.onexit (node:internal/child_process:303:5)
FAILED TEST LOG
  ✘ Your script should "echo" the suggested text correctly

AssertionError [ERR_ASSERTION]: The expression evaluated to a falsy value:

assert(/\n{2}Hello me from here\. I learned that your favorite coding website is freeCodeCamp!\n$/g.test(output))

at Context.<anonymous> (test/366.test.js:8:5)
at process.processTicksAndRejections (node:internal/process/task_queues:95:5)
FAILED TEST LOG
  ✘ Your script should "echo" the suggested text correctly

AssertionError [ERR_ASSERTION]: The expression evaluated to a falsy value:

assert(/\n{2}Hello me from here\. I learned that your favorite coding website is freeCodeCamp!\n$/g.test(output))

at Context.<anonymous> (test/366.test.js:8:5)
at process.processTicksAndRejections (node:internal/process/task_queues:95:5)
FAILED TEST LOG

./questionnaire.sh: line 18: unexpected EOF while looking for matching `"'
./questionnaire.sh: line 19: syntax error: unexpected end of file
  ✘ Your script should "echo" the suggested text correctly

Error: Command failed: ./questionnaire.sh
./questionnaire.sh: line 18: unexpected EOF while looking for matching `"'
./questionnaire.sh: line 19: syntax error: unexpected end of file

at ChildProcess.exithandler (node:child_process:422:12)
at ChildProcess.emit (node:events:517:28)
at maybeClose (node:internal/child_process:1098:16)
at ChildProcess._handle.onexit (node:internal/child_process:303:5)
FAILED TEST LOG

./questionnaire.sh: line 18: unexpected EOF while looking for matching `"'
./questionnaire.sh: line 19: syntax error: unexpected end of file
  ✘ Your script should "echo" the suggested text correctly

Error: Command failed: ./questionnaire.sh
./questionnaire.sh: line 18: unexpected EOF while looking for matching `"'
./questionnaire.sh: line 19: syntax error: unexpected end of file

at ChildProcess.exithandler (node:child_process:422:12)
at ChildProcess.emit (node:events:517:28)
at maybeClose (node:internal/child_process:1098:16)
at ChildProcess._handle.onexit (node:internal/child_process:303:5)
FAILED TEST LOG
  ✘ Your script should "echo" the suggested text correctly

AssertionError [ERR_ASSERTION]: The expression evaluated to a falsy value:

assert(/\n{2}Hello me from here\. I learned that your favorite coding website is freeCodeCamp!\n$/g.test(output))

at Context.<anonymous> (test/366.test.js:8:5)
at process.processTicksAndRejections (node:internal/process/task_queues:95:5)
FAILED TEST LOG
  ✘ Your script should "echo" the suggested text correctly

AssertionError [ERR_ASSERTION]: The expression evaluated to a falsy value:

assert(/\n{2}Hello me from here\. I learned that your favorite coding website is freeCodeCamp!\n$/g.test(output))

at Context.<anonymous> (test/366.test.js:8:5)
FAILED TEST LOG
  ✘ Your script should "echo" the suggested text correctly

AssertionError [ERR_ASSERTION]: The expression evaluated to a falsy value:

assert(/\n{2}Hello me from here\. I learned that your favorite coding website is freeCodeCamp!\n$/g.test(output))

at Context.<anonymous> (test/366.test.js:8:5)
at process.processTicksAndRejections (node:internal/process/task_queues:95:5)
FAILED TEST LOG
  ✘ Your script should have the correct "shebang"

AssertionError [ERR_ASSERTION]: The expression evaluated to a falsy value:

assert(/^\s*#![ \t]*\/bin\/bash\s*$/gm.test(scriptFile))

at Context.<anonymous> (test/400.test.js:8:5)
FAILED TEST LOG
  ✘ Your script should have the correct "shebang"

AssertionError [ERR_ASSERTION]: The expression evaluated to a falsy value:

assert(/^\s*#![ \t]*\/bin\/bash\s*$/gm.test(scriptFile))

at Context.<anonymous> (test/400.test.js:8:5)
FAILED TEST LOG
  ✘ Your script should have the suggested comment added correctly

AssertionError [ERR_ASSERTION]: The expression evaluated to a falsy value:

assert(/^#[ \t]*Program that counts down to zero from a given argument[ \t]*$/gm.test(scriptFile))

at Context.<anonymous> (test/410.test.js:8:5)
FAILED TEST LOG
  ✘ Your script should have the suggested comment added correctly

AssertionError [ERR_ASSERTION]: The expression evaluated to a falsy value:

assert(/^#[ \t]*Program that counts down to zero from a given argument[ \t]*$/gm.test(scriptFile))

at Context.<anonymous> (test/410.test.js:8:5)
FAILED TEST LOG
  ✘ Your script should "echo" the suggestion correctly

AssertionError [ERR_ASSERTION]: The expression evaluated to a falsy value:

assert(/^[ \t]*echo[ \t]+\$(\*|@)[ \t]*;?[ \t]*$/gm.test(scriptFile))

at Context.<anonymous> (test/420.test.js:8:5)
FAILED TEST LOG
  ✘ Your script should "echo" the suggestion correctly

AssertionError [ERR_ASSERTION]: The expression evaluated to a falsy value:

assert(/^[ \t]*echo[ \t]+\$(\*|@)[ \t]*;?[ \t]*$/gm.test(scriptFile))

at Context.<anonymous> (test/420.test.js:8:5)
FAILED TEST LOG
  ✘ Your script should "echo" the suggestion correctly

AssertionError [ERR_ASSERTION]: The expression evaluated to a falsy value:

assert(/^[ \t]*echo[ \t]+\$(\*|@)[ \t]*;?[ \t]*$/gm.test(scriptFile))

at Context.<anonymous> (test/420.test.js:8:5)
FAILED TEST LOG
  ✘ You should run your script with the correct arguments

AssertionError [ERR_ASSERTION]: The expression evaluated to a falsy value:

assert(lastCommand[0] === './countdown.sh' && lastCommand[1] === 'arg1' && lastCommand[2] === 'arg2' && lastCommand[3] === 'arg3' && /\/project$/.test(cwd))

at Context.<anonymous> (test/430.test.js:9:5)
FAILED TEST LOG
  ✘ You should run your script with the correct arguments

AssertionError [ERR_ASSERTION]: The expression evaluated to a falsy value:

assert(lastCommand[0] === './countdown.sh' && lastCommand[1] === 'arg1' && lastCommand[2] === 'arg2' && lastCommand[3] === 'arg3' && /\/project$/.test(cwd))

at Context.<anonymous> (test/430.test.js:9:5)
FAILED TEST LOG
  ✘ You should run your script with the correct arguments

AssertionError [ERR_ASSERTION]: The expression evaluated to a falsy value:

assert(lastCommand[0] === './countdown.sh' && lastCommand[1] === 'arg1' && lastCommand[2] === 'arg2' && lastCommand[3] === 'arg3' && /\/project$/.test(cwd))

at Context.<anonymous> (test/430.test.js:9:5)
FAILED TEST LOG
  ✘ Your script should "echo" the suggestion correctly

AssertionError [ERR_ASSERTION]: The expression evaluated to a falsy value:

assert(/^[ \t]*echo[ \t]+\$1[ \t]*;?[ \t]*$/gm.test(scriptFile))

at Context.<anonymous> (test/440.test.js:8:5)
FAILED TEST LOG
  ✘ You should enter the suggested command in the terminal

AssertionError [ERR_ASSERTION]: The expression evaluated to a falsy value:

assert(lastCommand[0] === 'man' && lastCommand[1] === 'if' && (lastCommand[2] === undefined || lastCommand[2].op === ';'))

at Context.<anonymous> (test/470.test.js:8:5)
FAILED TEST LOG
  ✘ Your script should have the suggested "if" statement added correctly

Error: Command failed: ./countdown.sh arg1
./countdown.sh: line 4: syntax error: unexpected end of file

at ChildProcess.exithandler (node:child_process:422:12)
at ChildProcess.emit (node:events:517:28)
at maybeClose (node:internal/child_process:1098:16)
at Socket.<anonymous> (node:internal/child_process:450:11)
at Socket.emit (node:events:517:28)
at Pipe.<anonymous> (node:net:350:12)
FAILED TEST LOG
  ✘ Your script should have the suggested "if" statement added correctly

Error: Command failed: ./countdown.sh arg1
./countdown.sh: line 4: syntax error: unexpected end of file

at ChildProcess.exithandler (node:child_process:422:12)
at ChildProcess.emit (node:events:517:28)
at maybeClose (node:internal/child_process:1098:16)
at Socket.<anonymous> (node:internal/child_process:450:11)
at Socket.emit (node:events:517:28)
at Pipe.<anonymous> (node:net:350:12)
FAILED TEST LOG
  ✘ Your script should have the suggested "if" statement added correctly

Error: Command failed: ./countdown.sh arg1
./countdown.sh: line 4: syntax error: unexpected end of file

at ChildProcess.exithandler (node:child_process:422:12)
at ChildProcess.emit (node:events:517:28)
at maybeClose (node:internal/child_process:1098:16)
at Socket.<anonymous> (node:internal/child_process:450:11)
at Socket.emit (node:events:517:28)
at Pipe.<anonymous> (node:net:350:12)
FAILED TEST LOG
  ✘ Your script should have the suggested "if" statement added correctly

Error: Command failed: ./countdown.sh arg1
./countdown.sh: line 5: syntax error: unexpected end of file

at ChildProcess.exithandler (node:child_process:422:12)
at ChildProcess.emit (node:events:517:28)
at maybeClose (node:internal/child_process:1098:16)
at Socket.<anonymous> (node:internal/child_process:450:11)
at Socket.emit (node:events:517:28)
at Pipe.<anonymous> (node:net:350:12)
FAILED TEST LOG
  ✘ Your script should have the suggested "if" statement added correctly

Error: Command failed: ./countdown.sh arg1
./countdown.sh: line 5: syntax error: unexpected end of file

at ChildProcess.exithandler (node:child_process:422:12)
at ChildProcess.emit (node:events:517:28)
at maybeClose (node:internal/child_process:1098:16)
at Socket.<anonymous> (node:internal/child_process:450:11)
at Socket.emit (node:events:517:28)
at Pipe.<anonymous> (node:net:350:12)
FAILED TEST LOG
  ✘ Your script should have the suggested "if" statement added correctly

Error: Command failed: ./countdown.sh arg1
./countdown.sh: line 6: syntax error: unexpected end of file

at ChildProcess.exithandler (node:child_process:422:12)
at ChildProcess.emit (node:events:517:28)
at maybeClose (node:internal/child_process:1098:16)
at Socket.<anonymous> (node:internal/child_process:450:11)
at Socket.emit (node:events:517:28)
at Pipe.<anonymous> (node:net:350:12)
FAILED TEST LOG
  ✘ Your script should have the suggested "if" statement added correctly

Error: Command failed: ./countdown.sh arg1
./countdown.sh: line 6: syntax error: unexpected end of file

at ChildProcess.exithandler (node:child_process:422:12)
at ChildProcess.emit (node:events:517:28)
at maybeClose (node:internal/child_process:1098:16)
at Socket.<anonymous> (node:internal/child_process:450:11)
at Socket.emit (node:events:517:28)
at Pipe.<anonymous> (node:net:350:12)
FAILED TEST LOG
  ✘ Your script should have the suggested "if" statement added correctly

Error: Command failed: ./countdown.sh arg1
./countdown.sh: line 6: syntax error: unexpected end of file

at ChildProcess.exithandler (node:child_process:422:12)
at ChildProcess.emit (node:events:517:28)
at maybeClose (node:internal/child_process:1098:16)
at Socket.<anonymous> (node:internal/child_process:450:11)
at Socket.emit (node:events:517:28)
at Pipe.<anonymous> (node:net:350:12)
FAILED TEST LOG
  ✘ Your script should have the suggested "if" statement added correctly

Error: Command failed: ./countdown.sh arg1
./countdown.sh: line 7: syntax error: unexpected end of file

at ChildProcess.exithandler (node:child_process:422:12)
at ChildProcess.emit (node:events:517:28)
at maybeClose (node:internal/child_process:1098:16)
at Socket.<anonymous> (node:internal/child_process:450:11)
at Socket.emit (node:events:517:28)
at Pipe.<anonymous> (node:net:350:12)
FAILED TEST LOG
  ✘ Your script should have the suggested "if" statement added correctly

Error: Command failed: ./countdown.sh arg1
./countdown.sh: line 7: syntax error: unexpected end of file

at ChildProcess.exithandler (node:child_process:422:12)
at ChildProcess.emit (node:events:517:28)
at maybeClose (node:internal/child_process:1098:16)
at Socket.<anonymous> (node:internal/child_process:450:11)
at Socket.emit (node:events:517:28)
at Pipe.<anonymous> (node:net:350:12)
FAILED TEST LOG
  ✘ Your script should have the suggested "if/else" statement added correctly

AssertionError [ERR_ASSERTION]: The expression evaluated to a falsy value:

assert(/^true$/gm.test(output1) && !/^false$/.test(output1) && !/^true$/gm.test(output2) && /^false$/gm.test(output2))

at Context.<anonymous> (test/510.test.js:9:5)
at process.processTicksAndRejections (node:internal/process/task_queues:95:5)
FAILED TEST LOG
  ✘ Your script should have the suggested "if/else" statement added correctly

AssertionError [ERR_ASSERTION]: The expression evaluated to a falsy value:

assert(/^true$/gm.test(output1) && !/^false$/.test(output1) && !/^true$/gm.test(output2) && /^false$/gm.test(output2))

at Context.<anonymous> (test/510.test.js:9:5)
at process.processTicksAndRejections (node:internal/process/task_queues:95:5)
FAILED TEST LOG
  ✘ Your script should have the suggested "if/else" statement added correctly

Error: Command failed: ./countdown.sh arg1
./countdown.sh: line 7: syntax error near unexpected token `fi'
./countdown.sh: line 7: `fi'

at ChildProcess.exithandler (node:child_process:422:12)
at ChildProcess.emit (node:events:517:28)
at maybeClose (node:internal/child_process:1098:16)
at Socket.<anonymous> (node:internal/child_process:450:11)
at Socket.emit (node:events:517:28)
at Pipe.<anonymous> (node:net:350:12)
FAILED TEST LOG
  ✘ Your script should have the suggested "if/else" statement added correctly

Error: Command failed: ./countdown.sh arg1
./countdown.sh: line 8: syntax error near unexpected token `fi'
./countdown.sh: line 8: `fi'

at ChildProcess.exithandler (node:child_process:422:12)
at ChildProcess.emit (node:events:517:28)
at maybeClose (node:internal/child_process:1098:16)
at Socket.<anonymous> (node:internal/child_process:450:11)
at Socket.emit (node:events:517:28)
at Pipe.<anonymous> (node:net:350:12)
FAILED TEST LOG
  ✘ You should run your script with the correct arguments

AssertionError [ERR_ASSERTION]: The expression evaluated to a falsy value:

assert(lastCommand[0] === './countdown.sh' && lastCommand[1] !== 'arg1' && /\/project$/.test(cwd))

at Context.<anonymous> (test/520.test.js:9:5)
FAILED TEST LOG
  ✘ Your script should have the suggested condition for your "if" statement

AssertionError [ERR_ASSERTION]: The expression evaluated to a falsy value:

assert(/^true$/gm.test(output1) && !/^false$/.test(output1) && !/^true$/gm.test(output2) && /^false$/gm.test(output2))

at Context.<anonymous> (test/530.test.js:9:5)
at process.processTicksAndRejections (node:internal/process/task_queues:95:5)
FAILED TEST LOG
  ✘ You should enter the suggested command

AssertionError [ERR_ASSERTION]: The expression evaluated to a falsy value:

assert(lastCommand[0] === 'help' && (lastCommand[1] === undefined || lastCommand[1].op === ';'))

at Context.<anonymous> (test/544.test.js:8:5)
FAILED TEST LOG
  ✘ You should enter the suggested command

AssertionError [ERR_ASSERTION]: The expression evaluated to a falsy value:

assert(lastCommand[0] === '[[' && lastCommand[1] === '4' && lastCommand[2] === '-le' && lastCommand[3] === '5' && lastCommand[4] === ']]' && (lastCommand[5] === undefined || lastCommand[5].op === ';'))

at Context.<anonymous> (test/554.test.js:8:5)
FAILED TEST LOG
  ✘ You should enter the suggested command

AssertionError [ERR_ASSERTION]: The expression evaluated to a falsy value:

assert(/^\s*bad_command\s*;\s*echo\s+\$\?\s*;?\s*$/.test(lastCommand))

at Context.<anonymous> (test/566.test.js:8:5)
FAILED TEST LOG
  ✘ You should enter the suggested command

AssertionError [ERR_ASSERTION]: The expression evaluated to a falsy value:

assert(/^\s*ls\s*;\s*echo\s+\$\?\s*;?\s*$/.test(lastCommand))

at Context.<anonymous> (test/568.test.js:8:5)
